Fête publique
Bonjour Jean-Baptiste LOUVET
Nous vous rappelons que l'événement Fête publique, organisé par Jean-Baptiste LOUVET se déroulera le 2013-01-18 à 00:00:00.

L'équipe d'AgendactIfs
Ce courriel est généré automatiquement, veuillez ne pas y répondre<br>
1 2
Script execute avec succes le 15 Feb 2013 - 10:10

============

Fête publique
Bonjour Jean-Baptiste LOUVET
Nous vous rappelons que l'événement Fête publique, organisé par Jean-Baptiste LOUVET se déroulera le 2013-01-18 à 00:00:00.

L'équipe d'AgendactIfs
Ce courriel est généré automatiquement, veuillez ne pas y répondre
Message envoyé avec succès
Fête publique
Bonjour Cindy PERAT
Nous vous rappelons que l'événement Fête publique, organisé par Jean-Baptiste LOUVET se déroulera le 2013-01-18 à 00:00:00.

L'équipe d'AgendactIfs
Ce courriel est généré automatiquement, veuillez ne pas y répondre
Message envoyé avec succès
Script execute avec succes le 15 Feb 2013 - 11:00

============

Script execute avec succes le 15 Feb 2013 - 12:00

============

Script execute avec succes le 15 Feb 2013 - 13:00

============

Script execute avec succes le 15 Feb 2013 - 14:00

============

Script execute avec succes le 15 Feb 2013 - 15:00

============

Script execute avec succes le 15 Feb 2013 - 16:00

============

Script execute avec succes le 15 Feb 2013 - 17:00

============

Script execute avec succes le 15 Feb 2013 - 18:00

============

Script execute avec succes le 15 Feb 2013 - 19:00

============

Script execute avec succes le 15 Feb 2013 - 20:00

============

Script execute avec succes le 15 Feb 2013 - 21:00

============

Script execute avec succes le 15 Feb 2013 - 22:00

============

Script execute avec succes le 15 Feb 2013 - 23:00

============

Script execute avec succes le 16 Feb 2013 - 00:00

============

Script execute avec succes le 16 Feb 2013 - 01:00

============

Script execute avec succes le 16 Feb 2013 - 02:00

============

Script execute avec succes le 16 Feb 2013 - 03:00

============

Script execute avec succes le 16 Feb 2013 - 04:00

============

Script execute avec succes le 16 Feb 2013 - 05:00

============

Script execute avec succes le 16 Feb 2013 - 06:00

============

Script execute avec succes le 16 Feb 2013 - 07:00

============

Script execute avec succes le 16 Feb 2013 - 08:00

============

Script execute avec succes le 16 Feb 2013 - 09:00

============

Script execute avec succes le 16 Feb 2013 - 10:00

============

Script execute avec succes le 16 Feb 2013 - 11:00

============

Script execute avec succes le 16 Feb 2013 - 12:00

============

Script execute avec succes le 16 Feb 2013 - 13:00

============

Script execute avec succes le 16 Feb 2013 - 14:00

============

Script execute avec succes le 16 Feb 2013 - 15:00

============

Script execute avec succes le 16 Feb 2013 - 16:00

============

Script execute avec succes le 16 Feb 2013 - 17:00

============

Script execute avec succes le 16 Feb 2013 - 18:00

============

Script execute avec succes le 16 Feb 2013 - 19:00

============

Script execute avec succes le 16 Feb 2013 - 20:00

============

Script execute avec succes le 16 Feb 2013 - 21:00

============

Script execute avec succes le 16 Feb 2013 - 22:00

============

Script execute avec succes le 16 Feb 2013 - 23:00

============

Script execute avec succes le 17 Feb 2013 - 00:00

============

Script execute avec succes le 17 Feb 2013 - 01:00

============

Script execute avec succes le 17 Feb 2013 - 02:00

============

Script execute avec succes le 17 Feb 2013 - 03:00

============

Script execute avec succes le 17 Feb 2013 - 04:00

============

Script execute avec succes le 17 Feb 2013 - 05:00

============

Script execute avec succes le 17 Feb 2013 - 06:00

============

Script execute avec succes le 17 Feb 2013 - 07:00

============

Script execute avec succes le 17 Feb 2013 - 08:00

============

Script execute avec succes le 17 Feb 2013 - 09:00

============

Script execute avec succes le 17 Feb 2013 - 10:00

============

Script execute avec succes le 17 Feb 2013 - 11:00

============

Script execute avec succes le 17 Feb 2013 - 12:00

============

Script execute avec succes le 17 Feb 2013 - 13:00

============

Script execute avec succes le 17 Feb 2013 - 14:00

============

Script execute avec succes le 17 Feb 2013 - 15:00

============

Script execute avec succes le 17 Feb 2013 - 16:00

============

Script execute avec succes le 17 Feb 2013 - 17:00

============

Script execute avec succes le 17 Feb 2013 - 18:00

============

Script execute avec succes le 17 Feb 2013 - 19:00

============

Script execute avec succes le 17 Feb 2013 - 20:00

============

Script execute avec succes le 17 Feb 2013 - 21:00

============

Script execute avec succes le 17 Feb 2013 - 22:00

============

Script execute avec succes le 17 Feb 2013 - 23:00

============

Script execute avec succes le 18 Feb 2013 - 00:00

============

Script execute avec succes le 18 Feb 2013 - 01:00

============

Script execute avec succes le 18 Feb 2013 - 02:00

============

Script execute avec succes le 18 Feb 2013 - 03:00

============

Script execute avec succes le 18 Feb 2013 - 04:00

============

Script execute avec succes le 18 Feb 2013 - 05:00

============

Script execute avec succes le 18 Feb 2013 - 06:00

============

Script execute avec succes le 18 Feb 2013 - 07:00

============

Script execute avec succes le 18 Feb 2013 - 08:00

============

Script execute avec succes le 18 Feb 2013 - 09:00

============

Script execute avec succes le 18 Feb 2013 - 10:00

============

Script execute avec succes le 18 Feb 2013 - 11:00

============

Script execute avec succes le 18 Feb 2013 - 12:00

============

Script execute avec succes le 18 Feb 2013 - 13:00

============

Script execute avec succes le 18 Feb 2013 - 14:00

============

Script execute avec succes le 18 Feb 2013 - 15:00

============

Script execute avec succes le 18 Feb 2013 - 16:00

============

Script execute avec succes le 18 Feb 2013 - 17:00

============

Script execute avec succes le 18 Feb 2013 - 18:00

============

Script execute avec succes le 18 Feb 2013 - 19:00

============

Script execute avec succes le 18 Feb 2013 - 20:00

============

Script execute avec succes le 18 Feb 2013 - 21:00

============

Script execute avec succes le 18 Feb 2013 - 22:00

============

Script execute avec succes le 18 Feb 2013 - 23:00

============

Script execute avec succes le 19 Feb 2013 - 00:00

============

Script execute avec succes le 19 Feb 2013 - 01:00

============

Script execute avec succes le 19 Feb 2013 - 02:00

============

Script execute avec succes le 19 Feb 2013 - 03:00

============

Script execute avec succes le 19 Feb 2013 - 04:00

============

Script execute avec succes le 19 Feb 2013 - 05:00

============

Script execute avec succes le 19 Feb 2013 - 06:00

============

Script execute avec succes le 19 Feb 2013 - 07:00

============

Script execute avec succes le 19 Feb 2013 - 08:00

============

Script execute avec succes le 19 Feb 2013 - 09:00

============

Script execute avec succes le 19 Feb 2013 - 10:00

============

Script execute avec succes le 19 Feb 2013 - 11:00

============

Script execute avec succes le 19 Feb 2013 - 12:00

============

Script execute avec succes le 19 Feb 2013 - 13:00

============

Script execute avec succes le 19 Feb 2013 - 14:00

============

Script execute avec succes le 19 Feb 2013 - 15:00

============

Script execute avec succes le 19 Feb 2013 - 16:00

============

Script execute avec succes le 19 Feb 2013 - 17:00

============

Script execute avec succes le 19 Feb 2013 - 18:00

============

azertyuio
Bonjour Steven MARIE
Nous vous rappelons que l'événement azertyuio, organisé par Steven MARIE se déroulera le 2013-02-20 à 20:20:00.

L'équipe d'AgendactIfs
Ce courriel est généré automatiquement, veuillez ne pas y répondre
Message envoyé avec succès
azertyuio
Bonjour Cindy PERAT
Nous vous rappelons que l'événement azertyuio, organisé par Steven MARIE se déroulera le 2013-02-20 à 20:20:00.

L'équipe d'AgendactIfs
Ce courriel est généré automatiquement, veuillez ne pas y répondre
Message envoyé avec succès
Script execute avec succes le 19 Feb 2013 - 20:00

============

Script execute avec succes le 19 Feb 2013 - 21:00

============

Script execute avec succes le 19 Feb 2013 - 22:00

============

Script execute avec succes le 19 Feb 2013 - 23:00

============

Script execute avec succes le 20 Feb 2013 - 00:00

============

Script execute avec succes le 20 Feb 2013 - 01:00

============

Script execute avec succes le 20 Feb 2013 - 02:00

============

Script execute avec succes le 20 Feb 2013 - 03:00

============

Script execute avec succes le 20 Feb 2013 - 04:00

============

Script execute avec succes le 20 Feb 2013 - 05:00

============

Script execute avec succes le 20 Feb 2013 - 06:00

============

Script execute avec succes le 20 Feb 2013 - 07:00

============

Script execute avec succes le 20 Feb 2013 - 08:00

============

Script execute avec succes le 20 Feb 2013 - 09:00

============

Script execute avec succes le 20 Feb 2013 - 10:00

============

Script execute avec succes le 20 Feb 2013 - 11:00

============

Script execute avec succes le 20 Feb 2013 - 12:00

============

Script execute avec succes le 20 Feb 2013 - 13:00

============

Script execute avec succes le 20 Feb 2013 - 14:00

============

Script execute avec succes le 20 Feb 2013 - 15:00

============

Script execute avec succes le 20 Feb 2013 - 16:00

============

Script execute avec succes le 20 Feb 2013 - 17:00

============

Script execute avec succes le 20 Feb 2013 - 18:00

============

Script execute avec succes le 20 Feb 2013 - 19:00

============

Script execute avec succes le 20 Feb 2013 - 20:00

============

Script execute avec succes le 20 Feb 2013 - 21:00

============

Script execute avec succes le 20 Feb 2013 - 22:00

============

Script execute avec succes le 20 Feb 2013 - 23:00

============

Script execute avec succes le 21 Feb 2013 - 00:00

============

Script execute avec succes le 21 Feb 2013 - 01:00

============

Script execute avec succes le 21 Feb 2013 - 02:00

============

Script execute avec succes le 21 Feb 2013 - 03:00

============

Script execute avec succes le 21 Feb 2013 - 04:00

============

Script execute avec succes le 21 Feb 2013 - 05:00

============

Script execute avec succes le 21 Feb 2013 - 06:00

============

Script execute avec succes le 21 Feb 2013 - 07:00

============

Script execute avec succes le 21 Feb 2013 - 08:00

============

Script execute avec succes le 21 Feb 2013 - 09:00

============

Script execute avec succes le 21 Feb 2013 - 10:00

============

Script execute avec succes le 21 Feb 2013 - 11:00

============

azeryil
Bonjour Cindy PERAT
Nous vous rappelons que l'événement azeryil, organisé par Cindy PERAT se déroulera le 2013-02-22 à 13:00:00.

L'équipe d'AgendactIfs
Ce courriel est généré automatiquement, veuillez ne pas y répondre
Message envoyé avec succès
azeryil
Bonjour Steven MARIE
Nous vous rappelons que l'événement azeryil, organisé par Cindy PERAT se déroulera le 2013-02-22 à 13:00:00.

L'équipe d'AgendactIfs
Ce courriel est généré automatiquement, veuillez ne pas y répondre
Message envoyé avec succès
Script execute avec succes le 21 Feb 2013 - 12:00

============

Script execute avec succes le 21 Feb 2013 - 13:00

============

Script execute avec succes le 21 Feb 2013 - 14:00

============

Script execute avec succes le 21 Feb 2013 - 19:00

============

Script execute avec succes le 21 Feb 2013 - 20:00

============

Script execute avec succes le 21 Feb 2013 - 21:00

============

Script execute avec succes le 21 Feb 2013 - 22:00

============

Script execute avec succes le 21 Feb 2013 - 23:00

============

Script execute avec succes le 22 Feb 2013 - 00:00

============

Script execute avec succes le 22 Feb 2013 - 01:00

============

Script execute avec succes le 26 Feb 2013 - 22:00

============

Script execute avec succes le 26 Feb 2013 - 23:00

============

Script execute avec succes le 27 Feb 2013 - 00:00

============

Script execute avec succes le 27 Feb 2013 - 01:00

============

Script execute avec succes le 27 Feb 2013 - 02:00

============

Script execute avec succes le 27 Feb 2013 - 03:00

============

Script execute avec succes le 27 Feb 2013 - 04:00

============

Script execute avec succes le 27 Feb 2013 - 05:00

============

Script execute avec succes le 27 Feb 2013 - 06:00

============

Script execute avec succes le 27 Feb 2013 - 07:00

============

Script execute avec succes le 27 Feb 2013 - 08:00

============

Script execute avec succes le 27 Feb 2013 - 09:00

============

Script execute avec succes le 27 Feb 2013 - 10:00

============

Script execute avec succes le 27 Feb 2013 - 11:00

============

Script execute avec succes le 27 Feb 2013 - 12:00

============

Script execute avec succes le 27 Feb 2013 - 13:00

============

Script execute avec succes le 27 Feb 2013 - 14:00

============

Script execute avec succes le 27 Feb 2013 - 15:00

============

Script execute avec succes le 27 Feb 2013 - 16:00

============

Script execute avec succes le 27 Feb 2013 - 17:00

============

Script execute avec succes le 27 Feb 2013 - 18:00

============

Script execute avec succes le 27 Feb 2013 - 19:00

============

Script execute avec succes le 27 Feb 2013 - 20:00

============

Script execute avec succes le 27 Feb 2013 - 21:00

============

Script execute avec succes le 27 Feb 2013 - 22:00

============

Script execute avec succes le 28 Feb 2013 - 00:00

============

Script execute avec succes le 28 Feb 2013 - 01:00

============

Script execute avec succes le 28 Feb 2013 - 02:00

============

Script execute avec succes le 28 Feb 2013 - 03:00

============

Script execute avec succes le 28 Feb 2013 - 04:00

============

Script execute avec succes le 28 Feb 2013 - 05:00

============

Script execute avec succes le 28 Feb 2013 - 06:00

============

Script execute avec succes le 28 Feb 2013 - 07:00

============

Script execute avec succes le 28 Feb 2013 - 08:00

============

Script execute avec succes le 28 Feb 2013 - 09:00

============

Script execute avec succes le 28 Feb 2013 - 10:00

============

Script execute avec succes le 28 Feb 2013 - 11:00

============

Script execute avec succes le 28 Feb 2013 - 12:00

============

Script execute avec succes le 28 Feb 2013 - 13:00

============

Script execute avec succes le 28 Feb 2013 - 14:00

============

Script execute avec succes le 28 Feb 2013 - 15:00

============

Script execute avec succes le 28 Feb 2013 - 16:00

============

Script execute avec succes le 28 Feb 2013 - 17:00

============

Script execute avec succes le 28 Feb 2013 - 18:00

============

Script execute avec succes le 28 Feb 2013 - 19:00

============

Script execute avec succes le 28 Feb 2013 - 20:00

============

Script execute avec succes le 28 Feb 2013 - 21:00

============

Script execute avec succes le 28 Feb 2013 - 22:00

============

Script execute avec succes le 28 Feb 2013 - 23:00

============

Script execute avec succes le 01 Mar 2013 - 00:00

============

Script execute avec succes le 01 Mar 2013 - 01:00

============

Script execute avec succes le 01 Mar 2013 - 02:00

============

Script execute avec succes le 01 Mar 2013 - 03:00

============

Script execute avec succes le 01 Mar 2013 - 04:00

============

Script execute avec succes le 01 Mar 2013 - 05:00

============

Script execute avec succes le 01 Mar 2013 - 06:00

============

Script execute avec succes le 01 Mar 2013 - 07:00

============

Script execute avec succes le 01 Mar 2013 - 08:00

============

Script execute avec succes le 01 Mar 2013 - 09:00

============

Script execute avec succes le 01 Mar 2013 - 10:00

============

Script execute avec succes le 01 Mar 2013 - 11:00

============

Script execute avec succes le 01 Mar 2013 - 12:00

============

Script execute avec succes le 01 Mar 2013 - 13:00

============

Script execute avec succes le 01 Mar 2013 - 14:00

============

Script execute avec succes le 01 Mar 2013 - 15:00

============

Script execute avec succes le 01 Mar 2013 - 16:00

============

Script execute avec succes le 01 Mar 2013 - 17:00

============

Script execute avec succes le 01 Mar 2013 - 18:00

============

Script execute avec succes le 01 Mar 2013 - 19:00

============

Script execute avec succes le 01 Mar 2013 - 20:00

============

Script execute avec succes le 01 Mar 2013 - 21:00

============

Script execute avec succes le 01 Mar 2013 - 22:00

============

Script execute avec succes le 01 Mar 2013 - 23:00

============

Script execute avec succes le 02 Mar 2013 - 00:00

============

Script execute avec succes le 02 Mar 2013 - 01:00

============

Script execute avec succes le 02 Mar 2013 - 02:00

============

Script execute avec succes le 02 Mar 2013 - 03:00

============

Script execute avec succes le 02 Mar 2013 - 04:00

============

Script execute avec succes le 02 Mar 2013 - 05:00

============

Script execute avec succes le 02 Mar 2013 - 06:00

============

Script execute avec succes le 02 Mar 2013 - 07:00

============

Script execute avec succes le 02 Mar 2013 - 08:00

============

Script execute avec succes le 02 Mar 2013 - 09:00

============

Script execute avec succes le 02 Mar 2013 - 10:00

============

Script execute avec succes le 02 Mar 2013 - 11:00

============

Script execute avec succes le 02 Mar 2013 - 12:00

============

Script execute avec succes le 02 Mar 2013 - 13:00

============

Script execute avec succes le 02 Mar 2013 - 14:00

============

Script execute avec succes le 02 Mar 2013 - 15:00

============

Script execute avec succes le 02 Mar 2013 - 16:00

============

Script execute avec succes le 02 Mar 2013 - 17:00

============

Script execute avec succes le 02 Mar 2013 - 18:00

============

Script execute avec succes le 02 Mar 2013 - 19:00

============

Script execute avec succes le 02 Mar 2013 - 20:00

============

Script execute avec succes le 02 Mar 2013 - 21:00

============

Script execute avec succes le 02 Mar 2013 - 22:00

============

Script execute avec succes le 02 Mar 2013 - 23:00

============

Script execute avec succes le 03 Mar 2013 - 00:00

============

Script execute avec succes le 03 Mar 2013 - 01:00

============

Script execute avec succes le 03 Mar 2013 - 02:00

============

Script execute avec succes le 03 Mar 2013 - 03:00

============

Script execute avec succes le 03 Mar 2013 - 04:00

============

Script execute avec succes le 03 Mar 2013 - 05:00

============

Script execute avec succes le 03 Mar 2013 - 06:00

============

Script execute avec succes le 03 Mar 2013 - 07:00

============

Script execute avec succes le 03 Mar 2013 - 08:00

============

Script execute avec succes le 03 Mar 2013 - 09:00

============

Script execute avec succes le 03 Mar 2013 - 10:00

============

Script execute avec succes le 03 Mar 2013 - 12:00

============

Script execute avec succes le 03 Mar 2013 - 13:00

============

Script execute avec succes le 03 Mar 2013 - 14:00

============

Script execute avec succes le 03 Mar 2013 - 15:00

============

Script execute avec succes le 03 Mar 2013 - 16:00

============

Script execute avec succes le 03 Mar 2013 - 17:00

============

Script execute avec succes le 03 Mar 2013 - 18:00

============

Script execute avec succes le 03 Mar 2013 - 19:00

============

Script execute avec succes le 03 Mar 2013 - 20:00

============

Script execute avec succes le 03 Mar 2013 - 21:00

============

Script execute avec succes le 03 Mar 2013 - 22:00

============

Script execute avec succes le 04 Mar 2013 - 00:00

============

Script execute avec succes le 04 Mar 2013 - 01:00

============

Script execute avec succes le 04 Mar 2013 - 02:00

============

Script execute avec succes le 04 Mar 2013 - 03:00

============

Script execute avec succes le 04 Mar 2013 - 04:00

============

Script execute avec succes le 04 Mar 2013 - 05:00

============

Script execute avec succes le 04 Mar 2013 - 06:00

============

Script execute avec succes le 04 Mar 2013 - 07:00

============

Script execute avec succes le 04 Mar 2013 - 08:00

============

Script execute avec succes le 04 Mar 2013 - 09:00

============

Script execute avec succes le 04 Mar 2013 - 10:00

============

Script execute avec succes le 04 Mar 2013 - 12:00

============

Script execute avec succes le 04 Mar 2013 - 13:00

============

Script execute avec succes le 04 Mar 2013 - 14:00

============

Script execute avec succes le 04 Mar 2013 - 15:00

============

Script execute avec succes le 04 Mar 2013 - 16:00

============

Script execute avec succes le 04 Mar 2013 - 17:00

============

Script execute avec succes le 04 Mar 2013 - 18:00

============

Script execute avec succes le 04 Mar 2013 - 19:00

============

Script execute avec succes le 04 Mar 2013 - 20:00

============

Script execute avec succes le 04 Mar 2013 - 21:00

============

Script execute avec succes le 04 Mar 2013 - 22:00

============

Script execute avec succes le 04 Mar 2013 - 23:00

============

Script execute avec succes le 05 Mar 2013 - 01:00

============

Script execute avec succes le 05 Mar 2013 - 02:00

============

Script execute avec succes le 05 Mar 2013 - 03:00

============

Script execute avec succes le 05 Mar 2013 - 04:00

============

Script execute avec succes le 05 Mar 2013 - 05:00

============

Script execute avec succes le 05 Mar 2013 - 06:00

============

Script execute avec succes le 05 Mar 2013 - 07:00

============

Script execute avec succes le 05 Mar 2013 - 08:00

============

Script execute avec succes le 05 Mar 2013 - 09:00

============

Script execute avec succes le 05 Mar 2013 - 10:00

============

Script execute avec succes le 05 Mar 2013 - 11:00

============

Script execute avec succes le 05 Mar 2013 - 12:00

============

Script execute avec succes le 05 Mar 2013 - 13:00

============

Script execute avec succes le 05 Mar 2013 - 14:00

============

Script execute avec succes le 05 Mar 2013 - 15:00

============

Script execute avec succes le 05 Mar 2013 - 16:00

============

Script execute avec succes le 05 Mar 2013 - 17:00

============

Script execute avec succes le 05 Mar 2013 - 18:00

============

Script execute avec succes le 05 Mar 2013 - 19:00

============

Script execute avec succes le 05 Mar 2013 - 20:00

============

Script execute avec succes le 05 Mar 2013 - 21:00

============

Script execute avec succes le 05 Mar 2013 - 22:00

============

Script execute avec succes le 05 Mar 2013 - 23:00

============

Script execute avec succes le 06 Mar 2013 - 00:00

============

Script execute avec succes le 06 Mar 2013 - 01:00

============

Script execute avec succes le 06 Mar 2013 - 02:00

============

Script execute avec succes le 06 Mar 2013 - 03:00

============

Script execute avec succes le 06 Mar 2013 - 04:00

============

Script execute avec succes le 06 Mar 2013 - 05:00

============

Script execute avec succes le 06 Mar 2013 - 06:00

============

Script execute avec succes le 06 Mar 2013 - 07:00

============

Script execute avec succes le 06 Mar 2013 - 08:00

============

Script execute avec succes le 06 Mar 2013 - 09:00

============

Script execute avec succes le 06 Mar 2013 - 10:00

============

Script execute avec succes le 06 Mar 2013 - 11:00

============

Script execute avec succes le 06 Mar 2013 - 12:00

============

Script execute avec succes le 06 Mar 2013 - 13:00

============

Script execute avec succes le 06 Mar 2013 - 14:00

============

Script execute avec succes le 06 Mar 2013 - 15:00

============

Script execute avec succes le 06 Mar 2013 - 16:00

============

Script execute avec succes le 06 Mar 2013 - 17:00

============

Script execute avec succes le 06 Mar 2013 - 18:00

============

Script execute avec succes le 06 Mar 2013 - 19:00

============

Script execute avec succes le 06 Mar 2013 - 20:00

============

Script execute avec succes le 06 Mar 2013 - 21:00

============

Script execute avec succes le 06 Mar 2013 - 22:00

============

Script execute avec succes le 06 Mar 2013 - 23:00

============

Script execute avec succes le 07 Mar 2013 - 00:00

============

Script execute avec succes le 07 Mar 2013 - 01:00

============

Script execute avec succes le 07 Mar 2013 - 02:00

============

Script execute avec succes le 07 Mar 2013 - 03:00

============

Script execute avec succes le 07 Mar 2013 - 04:00

============

Script execute avec succes le 07 Mar 2013 - 05:00

============

Script execute avec succes le 07 Mar 2013 - 06:00

============

Script execute avec succes le 07 Mar 2013 - 08:00

============

Script execute avec succes le 07 Mar 2013 - 09:00

============

Script execute avec succes le 07 Mar 2013 - 10:00

============

Script execute avec succes le 07 Mar 2013 - 11:00

============

Script execute avec succes le 07 Mar 2013 - 12:00

============

78
Bonjour Cindy PERAT
Nous vous rappelons que l'événement Cours d'ERP, organisé par Cindy Perat se déroulera le 8/03/2013 à 14:00.

Vous pouvez visualiser cet évènement ici : http://spartacus.iutc3.unicaen.fr/~jeanbaptiste.louvet/AgendactIfs/Pages/Calendrier/jour.php?a=2013&m=03&j=8..

L'équipe d'AgendactIfs.
Ce courriel est généré automatiquement, veuillez ne pas y répondre.

Message envoyé avec succès

Script execute avec succes le 07 Mar 2013 - 13:00

============

Script execute avec succes le 07 Mar 2013 - 14:00

============

SELECT idrappel, idevenement, idutilisateur FROM aci_rappel WHERE (daterappel < now() + INTERVAL 1 HOUR) AND (daterappel > now())Script execute avec succes le 07 Mar 2013 - 14:30

============

SELECT idrappel, idevenement, idutilisateur FROM aci_rappel WHERE (daterappel < now() + INTERVAL 1 HOUR) AND (daterappel > now())Script execute avec succes le 07 Mar 2013 - 15:00

============

